<?xml version="1.0" encoding="UTF-8"?>
<!-- Generated by org.testng.reporters.JUnitReportReporter -->
<testsuite hostname="DESKTOP-5PR7OFC" name="com.crm.qa.testcases.LoginPageTest" tests="3" failures="0" timestamp="13 Aug 2019 05:49:51 GMT" time="39.769" errors="0">
  <testcase name="loginTest" time="16.468" classname="com.crm.qa.testcases.LoginPageTest"/>
  <testcase name="crmLogoTest" time="14.534" classname="com.crm.qa.testcases.LoginPageTest"/>
  <testcase name="loginPageTitleTest" time="8.767" classname="com.crm.qa.testcases.LoginPageTest"/>
</testsuite> <!-- com.crm.qa.testcases.LoginPageTest -->
