<?xml version="1.0" encoding="UTF-8"?>
<!-- Generated by org.testng.reporters.JUnitReportReporter -->
<testsuite hostname="DESKTOP-5PR7OFC" name="com.crm.qa.testcases.LoginPageTest" tests="1" failures="0" timestamp="17 Aug 2019 09:30:25 GMT" time="12.246" errors="0">
  <testcase name="loginTest" time="12.246" classname="com.crm.qa.testcases.LoginPageTest"/>
</testsuite> <!-- com.crm.qa.testcases.LoginPageTest -->
